*** Using Compiler 'V5.06 update 4 (build 422)', folder: 'E:\Keil_v5\ARM\ARMCC\Bin'
Build target 'Template'
compiling Send.pb-c.c...
compiling Recieve.pb-c.c...
compiling protobuf-c.c...
compiling mode_switch_task.c...
..\HEADFILE\public.h(76): error:  #5: cannot open source input file "timer.h": No such file or directory
  #include "timer.h"
..\APP\TASK\MODE_SWITCH_TASK\Sor\mode_switch_task.c: 0 warnings, 1 error
compiling CanBus.c...
..\HEADFILE\public.h(76): error:  #5: cannot open source input file "timer.h": No such file or directory
  #include "timer.h"
..\EMBEDDED\CAN_BUS\CanBus.c: 0 warnings, 1 error
compiling infantry_gimbal_task.c...
..\HEADFILE\public.h(76): error:  #5: cannot open source input file "timer.h": No such file or directory
  #include "timer.h"
..\APP\TASK\GIMBAL_TASK\Src\infantry_gimbal_task.c: 0 warnings, 1 error
compiling system_stm32f4xx.c...
compiling HT430.c...
..\HEADFILE\public.h(76): error:  #5: cannot open source input file "timer.h": No such file or directory
  #include "timer.h"
..\EMBEDDED\senior\HT430\HT430.c: 0 warnings, 1 error
compiling delay.c...
..\HEADFILE\public.h(76): error:  #5: cannot open source input file "timer.h": No such file or directory
  #include "timer.h"
..\BSP\delay\Src\delay.c: 0 warnings, 1 error
compiling Auto_shoot.c...
..\HEADFILE\public.h(76): error:  #5: cannot open source input file "timer.h": No such file or directory
  #include "timer.h"
..\EMBEDDED\senior\Auto_Shoot\Auto_shoot.c: 0 warnings, 1 error
compiling JUDGE.c...
..\HEADFILE\public.h(76): error:  #5: cannot open source input file "timer.h": No such file or directory
  #include "timer.h"
..\EMBEDDED\senior\JUDGE\JUDGE.c: 0 warnings, 1 error
compiling HI220.c...
..\HEADFILE\public.h(76): error:  #5: cannot open source input file "timer.h": No such file or directory
  #include "timer.h"
..\EMBEDDED\senior\HI220\HI220.c: 0 warnings, 1 error
compiling main.c...
..\HEADFILE\public.h(76): error:  #5: cannot open source input file "timer.h": No such file or directory
  #include "timer.h"
main.c: 0 warnings, 1 error
compiling DJI_MOTOR.c...
..\HEADFILE\public.h(76): error:  #5: cannot open source input file "timer.h": No such file or directory
  #include "timer.h"
..\EMBEDDED\senior\DJI_MOTOR\DJI_MOTOR.c: 0 warnings, 1 error
compiling LK_TECH.c...
..\HEADFILE\public.h(76): error:  #5: cannot open source input file "timer.h": No such file or directory
  #include "timer.h"
..\EMBEDDED\senior\LK_TECH\LK_TECH.c: 0 warnings, 1 error
compiling stm32f4xx_it.c...
compiling PM01.c...
..\HEADFILE\public.h(76): error:  #5: cannot open source input file "timer.h": No such file or directory
  #include "timer.h"
..\EMBEDDED\senior\PM01\PM01.c: 0 warnings, 1 error
compiling oldpid.c...
compiling can.c...
..\HEADFILE\public.h(76): error:  #5: cannot open source input file "timer.h": No such file or directory
  #include "timer.h"
..\BSP\can\Src\can.c: 0 warnings, 1 error
compiling senior.c...
..\HEADFILE\public.h(76): error:  #5: cannot open source input file "timer.h": No such file or directory
  #include "timer.h"
..\EMBEDDED\senior_struct\senior.c: 0 warnings, 1 error
compiling sys.c...
compiling CH100.c...
..\HEADFILE\public.h(76): error:  #5: cannot open source input file "timer.h": No such file or directory
  #include "timer.h"
..\EMBEDDED\senior\CH100\CH100.c: 0 warnings, 1 error
compiling REMOTE.c...
..\HEADFILE\public.h(76): error:  #5: cannot open source input file "timer.h": No such file or directory
  #include "timer.h"
..\EMBEDDED\senior\REMOTE\REMOTE.c: 0 warnings, 1 error
compiling led.c...
..\HEADFILE\public.h(76): error:  #5: cannot open source input file "timer.h": No such file or directory
  #include "timer.h"
..\BSP\LED\led.c: 0 warnings, 1 error
compiling BSP.c...
..\HEADFILE\public.h(76): error:  #5: cannot open source input file "timer.h": No such file or directory
  #include "timer.h"
BSP.c: 0 warnings, 1 error
compiling misc.c...
compiling usart.c...
..\HEADFILE\public.h(76): error:  #5: cannot open source input file "timer.h": No such file or directory
  #include "timer.h"
..\BSP\usart\Src\usart.c: 0 warnings, 1 error
compiling stm32f4xx_adc.c...
compiling stm32f4xx_crc.c...
compiling stm32f4xx_dac.c...
compiling stm32f4xx_exti.c...
compiling stm32f4xx_can.c...
compiling stm32f4xx_gpio.c...
compiling stm32f4xx_dma.c...
compiling stm32f4xx_flash.c...
compiling BasicMathFunctionsF16.c...
compiling stm32f4xx_i2c.c...
compiling BayesFunctions.c...
compiling BayesFunctionsF16.c...
compiling stm32f4xx_rng.c...
compiling stm32f4xx_iwdg.c...
compiling BasicMathFunctions.c...
compiling CommonTablesF16.c...
compiling ComplexMathFunctions.c...
compiling stm32f4xx_rcc.c...
compiling FilteringFunctionsF16.c...
compiling ControllerFunctions.c...
compiling ComplexMathFunctionsF16.c...
compiling stm32f4xx_spi.c...
compiling DistanceFunctionsF16.c...
compiling stm32f4xx_syscfg.c...
compiling stm32f4xx_usart.c...
compiling FastMathFunctionsF16.c...
compiling DistanceFunctions.c...
compiling InterpolationFunctionsF16.c...
compiling stm32f4xx_tim.c...
compiling FastMathFunctions.c...
compiling MatrixFunctionsF16.c...
compiling InterpolationFunctions.c...
compiling QuaternionMathFunctions.c...
compiling SVMFunctions.c...
compiling SVMFunctionsF16.c...
compiling retarget_io.c...
compiling StatisticsFunctionsF16.c...
compiling SupportFunctionsF16.c...
compiling TransformFunctionsF16.c...
compiling SupportFunctions.c...
compiling MatrixFunctions.c...
compiling CommonTables.c...
compiling StatisticsFunctions.c...
compiling TransformFunctions.c...
compiling FilteringFunctions.c...
"..\OBJ\Template.axf" - 19 Error(s), 0 Warning(s).
Target not created.
Build Time Elapsed:  00:00:03
